<?xml version="1.0" encoding="UTF-8"?>
<!-- Generated by org.testng.reporters.JUnitReportReporter -->
<testsuite hostname="DESKTOP-G16VMHQ" failures="0" tests="1" name="testPackage.ActiTimeTestValidLogin" time="10.827" errors="0" timestamp="2023-01-27T13:50:07 IST" skipped="0">
  <testcase classname="testPackage.ActiTimeTestValidLogin" name="validtest" time="10.827"/>
  <system-out/>
</testsuite> <!-- testPackage.ActiTimeTestValidLogin -->
